backupPenDrive/PMDM/app/build/intermediates/manifest_merge_blame_file/debug/manifest-merger-blame-debug-report.txt
1<?xml version="1.0" encoding="utf-8"?>
2<manifest xmlns:android="http://schemas.android.com/apk/res/android"
3    package="com.example.mislugaresjava"
4    android:versionCode="1"
5    android:versionName="1.0" >
6
7    <uses-sdk
8        android:minSdkVersion="21"
8-->src\main\AndroidManifest.xml
9        android:targetSdkVersion="32" />
9-->src\main\AndroidManifest.xml
10
11    <application
11-->src\main\AndroidManifest.xml:5:5-45:19
12        android:allowBackup="true"
12-->src\main\AndroidManifest.xml:6:9-35
13        android:appComponentFactory="androidx.core.app.CoreComponentFactory"
13-->[androidx.core:core:1.8.0] AndroidManifest.xml:24:18-86
14        android:dataExtractionRules="@xml/data_extraction_rules"
14-->src\main\AndroidManifest.xml:7:9-65
15        android:debuggable="true"
16        android:fullBackupContent="@xml/backup_rules"
16-->src\main\AndroidManifest.xml:8:9-54
17        android:icon="@mipmap/ic_launcher"
17-->src\main\AndroidManifest.xml:9:9-43
18        android:label="@string/app_name"
18-->src\main\AndroidManifest.xml:10:9-41
19        android:roundIcon="@mipmap/ic_launcher_round"
19-->src\main\AndroidManifest.xml:11:9-54
20        android:supportsRtl="true"
20-->src\main\AndroidManifest.xml:12:9-35
21        android:testOnly="true"
22        android:theme="@style/Theme.MisLugaresJava" >
22-->src\main\AndroidManifest.xml:13:9-52
23        <activity
23-->src\main\AndroidManifest.xml:16:9-20:55
24            android:name="com.example.mislugaresjava.pruebas.MainPrueba"
24-->src\main\AndroidManifest.xml:17:13-47
25            android:exported="true"
25-->src\main\AndroidManifest.xml:18:13-36
26            android:label="Test"
26-->src\main\AndroidManifest.xml:19:13-33
27            android:windowSoftInputMode="adjustPan" />
27-->src\main\AndroidManifest.xml:20:13-52
28        <activity
28-->src\main\AndroidManifest.xml:22:9-27:55
29            android:name="com.example.mislugaresjava.pruebas.AcercaDeActivity"
29-->src\main\AndroidManifest.xml:23:13-53
30            android:exported="true"
30-->src\main\AndroidManifest.xml:24:13-36
31            android:label="Test"
31-->src\main\AndroidManifest.xml:25:13-33
32            android:theme="@style/Theme.AppCompat.Light.Dialog"
32-->src\main\AndroidManifest.xml:26:13-64
33            android:windowSoftInputMode="adjustPan" />
33-->src\main\AndroidManifest.xml:27:13-52
34        <activity
34-->src\main\AndroidManifest.xml:29:9-32:36
35            android:name="com.example.mislugaresjava.pruebas.PreferenciasActivity"
35-->src\main\AndroidManifest.xml:30:13-57
36            android:exported="true"
36-->src\main\AndroidManifest.xml:31:13-36
37            android:label="Test" />
37-->src\main\AndroidManifest.xml:32:13-33
38        <activity
38-->src\main\AndroidManifest.xml:34:9-38:36
39            android:name="com.example.mislugaresjava.Aplicacion"
39-->src\main\AndroidManifest.xml:35:13-39
40            android:allowBackup="true"
40-->src\main\AndroidManifest.xml:36:13-39
41            android:exported="true"
41-->src\main\AndroidManifest.xml:37:13-36
42            android:label="Test" />
42-->src\main\AndroidManifest.xml:38:13-33
43        <activity
43-->src\main\AndroidManifest.xml:39:9-41:15
44            android:name="com.example.mislugaresjava.presentacion.VistaLugarActivity"
44-->src\main\AndroidManifest.xml:39:19-92
45            android:exported="true" />
45-->src\main\AndroidManifest.xml:40:13-36
46        <activity
46-->src\main\AndroidManifest.xml:42:9-44:15
47            android:name="com.example.mislugaresjava.presentacion.MainActivity"
47-->src\main\AndroidManifest.xml:42:19-86
48            android:exported="true" />
48-->src\main\AndroidManifest.xml:43:13-36
49
50        <provider
50-->[androidx.emoji2:emoji2:1.2.0] AndroidManifest.xml:24:9-32:20
51            android:name="androidx.startup.InitializationProvider"
51-->[androidx.emoji2:emoji2:1.2.0] AndroidManifest.xml:25:13-67
52            android:authorities="com.example.mislugaresjava.androidx-startup"
52-->[androidx.emoji2:emoji2:1.2.0] AndroidManifest.xml:26:13-68
53            android:exported="false" >
53-->[androidx.emoji2:emoji2:1.2.0] AndroidManifest.xml:27:13-37
54            <meta-data
54-->[androidx.emoji2:emoji2:1.2.0] AndroidManifest.xml:29:13-31:52
55                android:name="androidx.emoji2.text.EmojiCompatInitializer"
55-->[androidx.emoji2:emoji2:1.2.0] AndroidManifest.xml:30:17-75
56                android:value="androidx.startup" />
56-->[androidx.emoji2:emoji2:1.2.0] AndroidManifest.xml:31:17-49
57            <meta-data
57-->[androidx.lifecycle:lifecycle-process:2.4.1] AndroidManifest.xml:31:13-33:52
58                android:name="androidx.lifecycle.ProcessLifecycleInitializer"
58-->[androidx.lifecycle:lifecycle-process:2.4.1] AndroidManifest.xml:32:17-78
59                android:value="androidx.startup" />
59-->[androidx.lifecycle:lifecycle-process:2.4.1] AndroidManifest.xml:33:17-49
60        </provider>
61    </application>
62
63</manifest>